*** Using Compiler 'V5.06 update 7 (build 960)', folder: 'C:\Keil_v5\ARM\ARMCC\Bin'
Build target 'Target 1'
compiling exti.c...
compiling systick.c...
compiling timer.c...
compiling oled.c...
compiling port.c...
compiling spi.c...
compiling usart.c...
compiling stepMotor_ArmV5.c...
stepMotor_ArmV5.c(112): warning:  #550-D: variable "angle_deg"  was set but never used
  	float angle_deg;
stepMotor_ArmV5.c: 1 warning, 0 errors
compiling AS5600.c...
compiling myiic.c...
compiling can.c...
linking...
Program Size: Code=8110 RO-data=3282 RW-data=124 ZI-data=3316  
".\Objects\stepMotor_arm.axf" - 0 Error(s), 1 Warning(s).
Build Time Elapsed:  00:00:01
